Dec-09 15:00:35.200 [main] DEBUG nextflow.cli.Launcher - $> nextflow run jhluu/crispr-screen-nf -r main --treatment_fastq '/mnt/ibm_lg/jacklyn.luu/fastqs_combined/HAV/*treatment.fastq.gz' --control_fastq '/mnt/ibm_lg/jacklyn.luu/fastqs_combined/HAV/*control.fastq.gz' --library /mnt/ibm_lg/jacklyn.luu/fastqs_combined/Human_GeCKOv2_Library_combine.csv --output_prefix HAV --output /mnt/ibm_lg/jacklyn.luu/nextflow_output/output_120821/HAV --skip_flute
Dec-09 15:00:35.256 [main] INFO  nextflow.cli.CmdRun - N E X T F L O W  ~  version 21.10.5
Dec-09 15:00:35.920 [main] DEBUG nextflow.scm.AssetManager - Git config: /home/jacklyn.luu/.nextflow/assets/jhluu/crispr-screen-nf/.git/config; branch: main; remote: origin; url: https://github.com/jhluu/crispr-screen-nf.git
Dec-09 15:00:35.931 [main] DEBUG nextflow.scm.AssetManager - Git config: /home/jacklyn.luu/.nextflow/assets/jhluu/crispr-screen-nf/.git/config; branch: main; remote: origin; url: https://github.com/jhluu/crispr-screen-nf.git
Dec-09 15:00:36.010 [main] INFO  nextflow.cli.CmdRun - Launching `jhluu/crispr-screen-nf` [sharp_joliot] - revision: 4b907ea9b3 [main]
Dec-09 15:00:36.466 [main] DEBUG nextflow.config.ConfigBuilder - Found config base: /home/jacklyn.luu/.nextflow/assets/jhluu/crispr-screen-nf/nextflow.config
Dec-09 15:00:36.467 [main] DEBUG nextflow.config.ConfigBuilder - Found config local: /home/jacklyn.luu/ds-infected-cell-summer/workflows/makefile_120821/nextflow.config
Dec-09 15:00:36.468 [main] DEBUG nextflow.config.ConfigBuilder - Parsing config file: /home/jacklyn.luu/.nextflow/assets/jhluu/crispr-screen-nf/nextflow.config
Dec-09 15:00:36.468 [main] DEBUG nextflow.config.ConfigBuilder - Parsing config file: /home/jacklyn.luu/ds-infected-cell-summer/workflows/makefile_120821/nextflow.config
Dec-09 15:00:36.479 [main] DEBUG nextflow.config.ConfigBuilder - Applying config profile: `standard`
Dec-09 15:00:36.563 [main] DEBUG nextflow.config.ConfigBuilder - Applying config profile: `standard`
Dec-09 15:00:36.679 [main] DEBUG nextflow.plugin.PluginsFacade - Setting up plugin manager > mode=prod; plugins-dir=/home/jacklyn.luu/.nextflow/plugins
Dec-09 15:00:36.680 [main] DEBUG nextflow.plugin.PluginsFacade - Plugins default=[]
Dec-09 15:00:36.690 [main] INFO  org.pf4j.DefaultPluginStatusProvider - Enabled plugins: []
Dec-09 15:00:36.691 [main] INFO  org.pf4j.DefaultPluginStatusProvider - Disabled plugins: []
Dec-09 15:00:36.696 [main] INFO  org.pf4j.DefaultPluginManager - PF4J version 3.4.1 in 'deployment' mode
Dec-09 15:00:36.704 [main] INFO  org.pf4j.AbstractPluginManager - No plugins
Dec-09 15:00:36.704 [main] DEBUG nextflow.plugin.PluginUpdater - Installing plugin nf-tower version: 1.3.0
Dec-09 15:00:36.706 [main] INFO  nextflow.plugin.PluginUpdater - Downloading plugin nf-tower@1.3.0
Dec-09 15:00:37.882 [main] INFO  org.pf4j.util.FileUtils - Expanded plugin zip 'nf-tower-1.3.0.zip' in 'nf-tower-1.3.0'
Dec-09 15:00:37.891 [main] INFO  org.pf4j.AbstractPluginManager - Plugin 'nf-tower@1.3.0' resolved
Dec-09 15:00:37.891 [main] INFO  org.pf4j.AbstractPluginManager - Start plugin 'nf-tower@1.3.0'
Dec-09 15:00:37.896 [main] DEBUG nextflow.plugin.BasePlugin - Plugin started nf-tower@1.3.0
Dec-09 15:00:37.951 [main] DEBUG nextflow.Session - Session uuid: 09bbfbee-9182-4c34-9006-9c33960f0ff2
Dec-09 15:00:37.951 [main] DEBUG nextflow.Session - Run name: sharp_joliot
Dec-09 15:00:37.952 [main] DEBUG nextflow.Session - Executor pool size: 112
Dec-09 15:00:37.983 [main] DEBUG nextflow.cli.CmdRun - 
  Version: 21.10.5 build 5658
  Created: 08-12-2021 14:39 UTC (06:39 PDT)
  System: Linux 5.4.0-84-generic
  Runtime: Groovy 3.0.9 on OpenJDK 64-Bit Server VM 11.0.11+9-Ubuntu-0ubuntu2.20.04
  Encoding: UTF-8 (UTF-8)
  Process: 47530@tesla [127.0.1.1]
  CPUs: 112 - Mem: 1.5 TB (48.1 GB) - Swap: 32 GB (31.7 GB)
Dec-09 15:00:38.000 [main] DEBUG nextflow.Session - Work-dir: /mnt/ibm_lg/jacklyn.luu/nexflow-work [nfs]
Dec-09 15:00:38.017 [main] DEBUG nextflow.executor.ExecutorFactory - Extension executors providers=[]
Dec-09 15:00:38.030 [main] DEBUG nextflow.Session - Observer factory: DefaultObserverFactory
Dec-09 15:00:38.033 [main] DEBUG nextflow.Session - Observer factory: TowerFactory
Dec-09 15:00:38.094 [main] DEBUG nextflow.util.CustomThreadPool - Creating default thread pool > poolSize: 113; maxThreads: 1000
Dec-09 15:00:38.148 [main] DEBUG nextflow.Session - Session start invoked
Dec-09 15:00:38.159 [main] DEBUG io.seqera.tower.plugin.TowerClient - Creating Tower observer -- endpoint=http://localhost:8000; requestInterval=1s; aliveInterval=1m; maxRetries=5; backOffBase=3; backOffDelay=250
Dec-09 15:00:38.179 [main] DEBUG io.seqera.tower.plugin.TowerClient - Unexpected HTTP response
- endpoint    : http://localhost:8000/trace/create
- status code : 0
- response msg: null

Dec-09 15:00:38.182 [main] DEBUG nextflow.cli.Launcher - Operation aborted
nextflow.exception.AbortOperationException: Unable to connect Tower host: http://localhost:8000
	at io.seqera.tower.plugin.TowerClient.onFlowCreate(TowerClient.groovy:277)
	at nextflow.Session$_notifyFlowCreate_closure21.doCall(Session.groovy:1019)
	at nextflow.Session$_notifyFlowCreate_closure21.call(Session.groovy)
	at org.codehaus.groovy.runtime.DefaultGroovyMethods.each(DefaultGroovyMethods.java:2358)
	at org.codehaus.groovy.runtime.DefaultGroovyMethods.each(DefaultGroovyMethods.java:2343)
	at org.codehaus.groovy.runtime.DefaultGroovyMethods.each(DefaultGroovyMethods.java:2384)
	at nextflow.Session.notifyFlowCreate(Session.groovy:1019)
	at nextflow.Session.start(Session.groovy:495)
	at nextflow.script.ScriptRunner.execute(ScriptRunner.groovy:115)
	at nextflow.cli.CmdRun.run(CmdRun.groovy:308)
	at nextflow.cli.Launcher.run(Launcher.groovy:480)
	at nextflow.cli.Launcher.main(Launcher.groovy:639)
