Jul-16 16:23:39.860 [main] DEBUG nextflow.cli.Launcher - $> nextflow run olgabot/crispr-screen-nf -r patch-2 --treatment_fastq '/mnt/ibm_lg/jacklyn.luu/fastqs_combined/Wang_SARS-CoV2/*treatment.fastq.gz' --control_fastq '/mnt/ibm_lg/jacklyn.luu/fastqs_combined/Wang_SARS-CoV2/*control.fastq.gz' --library /mnt/ibm_lg/jacklyn.luu/fastqs_combined/Human_GeCKOv2_Library_combine.csv --output_prefix Wang_SARS-CoV2 --output /mnt/ibm_lg/jacklyn.luu/output_combined/Wang_SARS-CoV2
Jul-16 16:23:39.971 [main] INFO  nextflow.cli.CmdRun - N E X T F L O W  ~  version 21.04.2
Jul-16 16:23:40.694 [main] DEBUG nextflow.scm.AssetManager - Git config: /home/jacklyn.luu/.nextflow/assets/olgabot/crispr-screen-nf/.git/config; branch: main; remote: origin; url: https://github.com/olgabot/crispr-screen-nf.git
Jul-16 16:23:40.708 [main] DEBUG nextflow.scm.AssetManager - Git config: /home/jacklyn.luu/.nextflow/assets/olgabot/crispr-screen-nf/.git/config; branch: main; remote: origin; url: https://github.com/olgabot/crispr-screen-nf.git
Jul-16 16:23:40.915 [main] INFO  nextflow.cli.CmdRun - Launching `olgabot/crispr-screen-nf` [festering_sanger] - revision: ff9c3635ec [patch-2]
Jul-16 16:23:41.398 [main] DEBUG nextflow.config.ConfigBuilder - Found config base: /home/jacklyn.luu/.nextflow/assets/olgabot/crispr-screen-nf/nextflow.config
Jul-16 16:23:41.399 [main] DEBUG nextflow.config.ConfigBuilder - Found config local: /home/jacklyn.luu/ds-infected-cell-summer/workflows/makefile_combinedAB/nextflow.config
Jul-16 16:23:41.399 [main] DEBUG nextflow.config.ConfigBuilder - Parsing config file: /home/jacklyn.luu/.nextflow/assets/olgabot/crispr-screen-nf/nextflow.config
Jul-16 16:23:41.399 [main] DEBUG nextflow.config.ConfigBuilder - Parsing config file: /home/jacklyn.luu/ds-infected-cell-summer/workflows/makefile_combinedAB/nextflow.config
Jul-16 16:23:41.411 [main] DEBUG nextflow.config.ConfigBuilder - Applying config profile: `standard`
Jul-16 16:23:41.490 [main] DEBUG nextflow.config.ConfigBuilder - Applying config profile: `standard`
Jul-16 16:23:41.599 [main] DEBUG nextflow.plugin.PluginsFacade - Setting up plugin manager > mode=prod; plugins-dir=/home/jacklyn.luu/.nextflow/plugins
Jul-16 16:23:41.600 [main] DEBUG nextflow.plugin.PluginsFacade - Plugins default=[]
Jul-16 16:23:41.618 [main] DEBUG nextflow.plugin.PluginsFacade - Plugins local root: .nextflow/plr/21921f6807262d1f701978cdf8a1f5c4
Jul-16 16:23:41.626 [main] INFO  org.pf4j.DefaultPluginStatusProvider - Enabled plugins: []
Jul-16 16:23:41.627 [main] INFO  org.pf4j.DefaultPluginStatusProvider - Disabled plugins: []
Jul-16 16:23:41.632 [main] INFO  org.pf4j.DefaultPluginManager - PF4J version 3.4.1 in 'deployment' mode
Jul-16 16:23:41.642 [main] INFO  org.pf4j.AbstractPluginManager - Plugin 'nf-tower@1.1.0' resolved
Jul-16 16:23:41.648 [main] DEBUG nextflow.plugin.PluginUpdater - Starting plugin nf-tower version: 1.1.0
Jul-16 16:23:41.648 [main] INFO  org.pf4j.AbstractPluginManager - Start plugin 'nf-tower@1.1.0'
Jul-16 16:23:41.653 [main] DEBUG nextflow.plugin.BasePlugin - Plugin started nf-tower@1.1.0
Jul-16 16:23:41.701 [main] DEBUG nextflow.Session - Session uuid: 9f7f8d79-0294-41e1-b614-8c8c27abc65e
Jul-16 16:23:41.701 [main] DEBUG nextflow.Session - Run name: festering_sanger
Jul-16 16:23:41.701 [main] DEBUG nextflow.Session - Executor pool size: 112
Jul-16 16:23:41.732 [main] DEBUG nextflow.cli.CmdRun - 
  Version: 21.04.2 build 5558
  Created: 12-07-2021 07:54 UTC (00:54 PDT)
  System: Linux 4.15.0-66-generic
  Runtime: Groovy 3.0.7 on OpenJDK 64-Bit Server VM 11.0.11+9-Ubuntu-0ubuntu2.18.04
  Encoding: UTF-8 (UTF-8)
  Process: 44102@tesla [127.0.1.1]
  CPUs: 112 - Mem: 1.5 TB (470.5 GB) - Swap: 2 GB (0)
Jul-16 16:23:41.750 [main] DEBUG nextflow.Session - Work-dir: /mnt/ibm_lg/jacklyn.luu/nexflow-work [nfs]
Jul-16 16:23:41.771 [main] DEBUG nextflow.executor.ExecutorFactory - Extension executors providers=[]
Jul-16 16:23:41.785 [main] DEBUG nextflow.Session - Observer factory: DefaultObserverFactory
Jul-16 16:23:41.787 [main] DEBUG nextflow.Session - Observer factory: TowerFactory
Jul-16 16:23:41.960 [main] DEBUG nextflow.Session - Session start invoked
Jul-16 16:23:41.971 [main] DEBUG io.seqera.tower.plugin.TowerClient - Creating Tower observer -- endpoint=http://nftower.czbiohub.org:8000/api; requestInterval=1s; aliveInterval=1m; maxRetries=5; backOffBase=3; backOffDelay=250
Jul-16 16:23:42.333 [main] DEBUG nextflow.script.ScriptRunner - > Launching execution
Jul-16 16:23:42.722 [main] DEBUG nextflow.Session - Workflow process names [dsl2]: mageck_test_ntc, mageck_flute_mle, treatment_mageck, join_counts, mageck_test_mle, mageck_flute_rra, mageck, control_mageck, mageck_test_rra
Jul-16 16:23:42.893 [main] DEBUG nextflow.executor.ExecutorFactory - << taskConfig executor: local
Jul-16 16:23:42.893 [main] DEBUG nextflow.executor.ExecutorFactory - >> processorType: 'local'
Jul-16 16:23:42.899 [main] DEBUG nextflow.executor.Executor - [warm up] executor > local
Jul-16 16:23:42.904 [main] DEBUG n.processor.LocalPollingMonitor - Creating local task monitor for executor 'local' > cpus=112; memory=1.5 TB; capacity=112; pollInterval=100ms; dumpInterval=5m
Jul-16 16:23:42.981 [main] DEBUG nextflow.executor.ExecutorFactory - << taskConfig executor: local
Jul-16 16:23:42.981 [main] DEBUG nextflow.executor.ExecutorFactory - >> processorType: 'local'
Jul-16 16:23:43.007 [main] DEBUG nextflow.executor.ExecutorFactory - << taskConfig executor: local
Jul-16 16:23:43.007 [main] DEBUG nextflow.executor.ExecutorFactory - >> processorType: 'local'
Jul-16 16:23:43.017 [main] DEBUG nextflow.executor.ExecutorFactory - << taskConfig executor: local
Jul-16 16:23:43.018 [main] DEBUG nextflow.executor.ExecutorFactory - >> processorType: 'local'
Jul-16 16:23:43.023 [main] DEBUG nextflow.executor.ExecutorFactory - << taskConfig executor: local
Jul-16 16:23:43.023 [main] DEBUG nextflow.executor.ExecutorFactory - >> processorType: 'local'
Jul-16 16:23:43.144 [main] INFO  io.seqera.tower.plugin.TowerClient - Monitor the execution with Nextflow Tower using this url http://nftower.czbiohub.org:8000/watch/198mKVMQoc8dY9
Jul-16 16:23:43.147 [main] DEBUG nextflow.Session - Ignite dataflow network (8)
Jul-16 16:23:43.153 [main] DEBUG nextflow.processor.TaskProcessor - Starting process > treatment_mageck
Jul-16 16:23:43.154 [main] DEBUG nextflow.processor.TaskProcessor - Starting process > control_mageck
Jul-16 16:23:43.154 [main] DEBUG nextflow.processor.TaskProcessor - Starting process > join_counts
Jul-16 16:23:43.156 [main] DEBUG nextflow.processor.TaskProcessor - Starting process > mageck_test_rra
Jul-16 16:23:43.156 [main] DEBUG nextflow.processor.TaskProcessor - Starting process > mageck_flute_rra
Jul-16 16:23:43.157 [main] DEBUG nextflow.script.ScriptRunner - > Await termination 
Jul-16 16:23:43.158 [main] DEBUG nextflow.Session - Session await
Jul-16 16:23:43.163 [PathVisitor-1] DEBUG nextflow.file.PathVisitor - files for syntax: glob; folder: /mnt/ibm_lg/jacklyn.luu/fastqs_combined/Wang_SARS-CoV2/; pattern: *treatment.fastq.gz; options: [:]
Jul-16 16:23:43.163 [PathVisitor-2] DEBUG nextflow.file.PathVisitor - files for syntax: glob; folder: /mnt/ibm_lg/jacklyn.luu/fastqs_combined/Wang_SARS-CoV2/; pattern: *control.fastq.gz; options: [:]
Jul-16 16:23:43.671 [Task submitter] DEBUG nextflow.executor.LocalTaskHandler - Launch cmd line: /bin/bash -ue .command.run
Jul-16 16:23:43.680 [Task submitter] INFO  nextflow.Session - [92/a27799] Submitted process > control_mageck (2)
Jul-16 16:23:44.854 [Task submitter] DEBUG nextflow.executor.LocalTaskHandler - Launch cmd line: /bin/bash -ue .command.run
Jul-16 16:23:44.855 [Task submitter] INFO  nextflow.Session - [da/008d87] Submitted process > treatment_mageck (1)
Jul-16 16:23:44.882 [Task submitter] DEBUG nextflow.executor.LocalTaskHandler - Launch cmd line: /bin/bash -ue .command.run
Jul-16 16:23:44.883 [Task submitter] INFO  nextflow.Session - [3a/e47061] Submitted process > control_mageck (1)
Jul-16 16:28:20.734 [Task monitor] DEBUG n.processor.TaskPollingMonitor - Task completed > TaskHandler[id: 2; name: treatment_mageck (1); status: COMPLETED; exit: 0; error: -; workDir: /mnt/ibm_lg/jacklyn.luu/nexflow-work/da/008d87388cf4cdcff48de62a6bbdd7]
Jul-16 16:28:20.762 [Task monitor] DEBUG n.util.BlockingThreadExecutorFactory - Thread pool name=FileTransfer; maxThreads=336; maxQueueSize=1008; keepAlive=1m
Jul-16 16:28:43.060 [Task monitor] DEBUG n.processor.TaskPollingMonitor - !! executor local > tasks to be completed: 2 -- submitted tasks are shown below
~> TaskHandler[id: 3; name: control_mageck (2); status: RUNNING; exit: -; error: -; workDir: /mnt/ibm_lg/jacklyn.luu/nexflow-work/92/a277995335bb6a9ed8f42268338e97]
~> TaskHandler[id: 1; name: control_mageck (1); status: RUNNING; exit: -; error: -; workDir: /mnt/ibm_lg/jacklyn.luu/nexflow-work/3a/e470613c85ff0b596af5b1c4076432]
Jul-16 16:33:43.087 [Task monitor] DEBUG n.processor.TaskPollingMonitor - !! executor local > tasks to be completed: 2 -- submitted tasks are shown below
~> TaskHandler[id: 3; name: control_mageck (2); status: RUNNING; exit: -; error: -; workDir: /mnt/ibm_lg/jacklyn.luu/nexflow-work/92/a277995335bb6a9ed8f42268338e97]
~> TaskHandler[id: 1; name: control_mageck (1); status: RUNNING; exit: -; error: -; workDir: /mnt/ibm_lg/jacklyn.luu/nexflow-work/3a/e470613c85ff0b596af5b1c4076432]
Jul-16 16:34:09.093 [Task monitor] DEBUG n.processor.TaskPollingMonitor - Task completed > TaskHandler[id: 3; name: control_mageck (2); status: COMPLETED; exit: 0; error: -; workDir: /mnt/ibm_lg/jacklyn.luu/nexflow-work/92/a277995335bb6a9ed8f42268338e97]
Jul-16 16:36:45.028 [Task monitor] DEBUG n.processor.TaskPollingMonitor - Task completed > TaskHandler[id: 1; name: control_mageck (1); status: COMPLETED; exit: 0; error: -; workDir: /mnt/ibm_lg/jacklyn.luu/nexflow-work/3a/e470613c85ff0b596af5b1c4076432]
Jul-16 16:36:45.086 [Actor Thread 9] DEBUG nextflow.util.CacheHelper - Hash asset file sha-256: /home/jacklyn.luu/.nextflow/assets/olgabot/crispr-screen-nf/bin/join_counts.py
Jul-16 16:36:45.110 [Task submitter] DEBUG nextflow.executor.LocalTaskHandler - Launch cmd line: /bin/bash -ue .command.run
Jul-16 16:36:45.110 [Task submitter] INFO  nextflow.Session - [cb/f00008] Submitted process > join_counts
Jul-16 16:36:50.152 [Task monitor] DEBUG n.processor.TaskPollingMonitor - Task completed > TaskHandler[id: 4; name: join_counts; status: COMPLETED; exit: 0; error: -; workDir: /mnt/ibm_lg/jacklyn.luu/nexflow-work/cb/f0000816cfac71349c9c689ad98b2d]
Jul-16 16:36:50.201 [Task submitter] DEBUG nextflow.executor.LocalTaskHandler - Launch cmd line: /bin/bash -ue .command.run
Jul-16 16:36:50.202 [Task submitter] INFO  nextflow.Session - [fd/774189] Submitted process > mageck_test_rra
Jul-16 16:37:31.075 [Task monitor] DEBUG n.processor.TaskPollingMonitor - Task completed > TaskHandler[id: 5; name: mageck_test_rra; status: COMPLETED; exit: 0; error: -; workDir: /mnt/ibm_lg/jacklyn.luu/nexflow-work/fd/774189d4a2924937b692a92082e26e]
Jul-16 16:37:31.115 [Actor Thread 11] DEBUG nextflow.util.CacheHelper - Hash asset file sha-256: /home/jacklyn.luu/.nextflow/assets/olgabot/crispr-screen-nf/bin/mageck_flute_rra.R
Jul-16 16:37:31.150 [Task submitter] DEBUG nextflow.executor.LocalTaskHandler - Launch cmd line: /bin/bash -ue .command.run
Jul-16 16:37:31.151 [Task submitter] INFO  nextflow.Session - [a4/168624] Submitted process > mageck_flute_rra
Jul-16 16:38:43.176 [Task monitor] DEBUG n.processor.TaskPollingMonitor - !! executor local > tasks to be completed: 1 -- submitted tasks are shown below
~> TaskHandler[id: 6; name: mageck_flute_rra; status: RUNNING; exit: -; error: -; workDir: /mnt/ibm_lg/jacklyn.luu/nexflow-work/a4/1686247e89058f369c836855120295]
Jul-16 16:40:18.487 [Task monitor] DEBUG n.processor.TaskPollingMonitor - Task completed > TaskHandler[id: 6; name: mageck_flute_rra; status: COMPLETED; exit: 0; error: -; workDir: /mnt/ibm_lg/jacklyn.luu/nexflow-work/a4/1686247e89058f369c836855120295]
Jul-16 16:40:18.505 [main] DEBUG nextflow.Session - Session await > all process finished
Jul-16 16:40:18.511 [main] DEBUG nextflow.Session - Session await > all barriers passed
Jul-16 16:40:18.757 [main] DEBUG nextflow.trace.WorkflowStatsObserver - Workflow completed > WorkflowStats[succeededCount=6; failedCount=0; ignoredCount=0; cachedCount=0; pendingCount=0; submittedCount=0; runningCount=0; retriesCount=0; abortedCount=0; succeedDuration=31m 27s; failedDuration=0ms; cachedDuration=0ms;loadCpus=0; loadMemory=0; peakRunning=3; peakCpus=3; peakMemory=0; ]
Jul-16 16:40:19.095 [main] DEBUG nextflow.CacheDB - Closing CacheDB done
Jul-16 16:40:19.096 [main] INFO  org.pf4j.AbstractPluginManager - Stop plugin 'nf-tower@1.1.0'
Jul-16 16:40:19.096 [main] DEBUG nextflow.plugin.BasePlugin - Plugin stopped nf-tower
Jul-16 16:40:19.110 [main] DEBUG nextflow.script.ScriptRunner - > Execution complete -- Goodbye
