Jul-26 19:21:07.883 [main] DEBUG nextflow.cli.Launcher - $> nextflow run olgabot/crispr-screen-nf -r main --treatment_fastq '/mnt/ibm_lg/jacklyn.luu/fastqs_combined/RV/*treatment.fastq.gz' --control_fastq '/mnt/ibm_lg/jacklyn.luu/fastqs_combined/RV/*control.fastq.gz' --library /mnt/ibm_lg/jacklyn.luu/fastqs_combined/Human_GeCKOv2_Library_combine.csv --output_prefix RV --output /mnt/ibm_lg/jacklyn.luu/output_072321/RV --ntc_list /mnt/ibm_lg/jacklyn.luu/fastqs_combined/ntc_list_gecko.txt --skip_flute
Jul-26 19:21:07.985 [main] INFO  nextflow.cli.CmdRun - N E X T F L O W  ~  version 21.04.2
Jul-26 19:21:08.732 [main] DEBUG nextflow.scm.AssetManager - Git config: /home/jacklyn.luu/.nextflow/assets/olgabot/crispr-screen-nf/.git/config; branch: main; remote: origin; url: https://github.com/olgabot/crispr-screen-nf.git
Jul-26 19:21:08.746 [main] DEBUG nextflow.scm.AssetManager - Git config: /home/jacklyn.luu/.nextflow/assets/olgabot/crispr-screen-nf/.git/config; branch: main; remote: origin; url: https://github.com/olgabot/crispr-screen-nf.git
Jul-26 19:21:08.849 [main] INFO  nextflow.cli.CmdRun - Launching `olgabot/crispr-screen-nf` [pedantic_franklin] - revision: 9f05cf7de9 [main]
Jul-26 19:21:09.333 [main] INFO  nextflow.scm.AssetManager - NOTE: Your local project version looks outdated - a different revision is available in the remote repository [28bebe49f6]
Jul-26 19:21:09.345 [main] DEBUG nextflow.config.ConfigBuilder - Found config base: /home/jacklyn.luu/.nextflow/assets/olgabot/crispr-screen-nf/nextflow.config
Jul-26 19:21:09.345 [main] DEBUG nextflow.config.ConfigBuilder - Found config local: /home/jacklyn.luu/ds-infected-cell-summer/workflows/makefile_072321/nextflow.config
Jul-26 19:21:09.346 [main] DEBUG nextflow.config.ConfigBuilder - Parsing config file: /home/jacklyn.luu/.nextflow/assets/olgabot/crispr-screen-nf/nextflow.config
Jul-26 19:21:09.346 [main] DEBUG nextflow.config.ConfigBuilder - Parsing config file: /home/jacklyn.luu/ds-infected-cell-summer/workflows/makefile_072321/nextflow.config
Jul-26 19:21:09.355 [main] DEBUG nextflow.config.ConfigBuilder - Applying config profile: `standard`
Jul-26 19:21:09.444 [main] DEBUG nextflow.config.ConfigBuilder - Applying config profile: `standard`
Jul-26 19:21:09.563 [main] DEBUG nextflow.plugin.PluginsFacade - Setting up plugin manager > mode=prod; plugins-dir=/home/jacklyn.luu/.nextflow/plugins
Jul-26 19:21:09.565 [main] DEBUG nextflow.plugin.PluginsFacade - Plugins default=[]
Jul-26 19:21:09.584 [main] DEBUG nextflow.plugin.PluginsFacade - Plugins local root: .nextflow/plr/21921f6807262d1f701978cdf8a1f5c4
Jul-26 19:21:09.592 [main] INFO  org.pf4j.DefaultPluginStatusProvider - Enabled plugins: []
Jul-26 19:21:09.593 [main] INFO  org.pf4j.DefaultPluginStatusProvider - Disabled plugins: []
Jul-26 19:21:09.598 [main] INFO  org.pf4j.DefaultPluginManager - PF4J version 3.4.1 in 'deployment' mode
Jul-26 19:21:09.609 [main] INFO  org.pf4j.AbstractPluginManager - Plugin 'nf-tower@1.1.0' resolved
Jul-26 19:21:09.614 [main] DEBUG nextflow.plugin.PluginUpdater - Starting plugin nf-tower version: 1.1.0
Jul-26 19:21:09.614 [main] INFO  org.pf4j.AbstractPluginManager - Start plugin 'nf-tower@1.1.0'
Jul-26 19:21:09.619 [main] DEBUG nextflow.plugin.BasePlugin - Plugin started nf-tower@1.1.0
Jul-26 19:21:09.670 [main] DEBUG nextflow.Session - Session uuid: 303c1bd4-2b32-4b66-8bcc-a6a5bbcbb352
Jul-26 19:21:09.670 [main] DEBUG nextflow.Session - Run name: pedantic_franklin
Jul-26 19:21:09.671 [main] DEBUG nextflow.Session - Executor pool size: 112
Jul-26 19:21:09.704 [main] DEBUG nextflow.cli.CmdRun - 
  Version: 21.04.2 build 5558
  Created: 12-07-2021 07:54 UTC (00:54 PDT)
  System: Linux 4.15.0-66-generic
  Runtime: Groovy 3.0.7 on OpenJDK 64-Bit Server VM 11.0.11+9-Ubuntu-0ubuntu2.18.04
  Encoding: UTF-8 (UTF-8)
  Process: 32718@tesla [127.0.1.1]
  CPUs: 112 - Mem: 1.5 TB (1.1 TB) - Swap: 2 GB (1012 KB)
Jul-26 19:21:09.723 [main] DEBUG nextflow.Session - Work-dir: /mnt/ibm_lg/jacklyn.luu/nexflow-work [nfs]
Jul-26 19:21:09.745 [main] DEBUG nextflow.executor.ExecutorFactory - Extension executors providers=[]
Jul-26 19:21:09.762 [main] DEBUG nextflow.Session - Observer factory: DefaultObserverFactory
Jul-26 19:21:09.765 [main] DEBUG nextflow.Session - Observer factory: TowerFactory
Jul-26 19:21:09.920 [main] DEBUG nextflow.Session - Session start invoked
Jul-26 19:21:09.941 [main] DEBUG io.seqera.tower.plugin.TowerClient - Creating Tower observer -- endpoint=http://nftower.czbiohub.org:8000/api; requestInterval=1s; aliveInterval=1m; maxRetries=5; backOffBase=3; backOffDelay=250
Jul-26 19:21:10.380 [main] DEBUG nextflow.script.ScriptRunner - > Launching execution
Jul-26 19:21:10.746 [main] DEBUG nextflow.Session - Workflow process names [dsl2]: mageck_test_ntc, mageck_flute_mle, treatment_mageck, join_counts, mageck_test_mle, mageck_flute_rra, mageck, control_mageck, mageck_test_rra
Jul-26 19:21:10.899 [main] DEBUG nextflow.executor.ExecutorFactory - << taskConfig executor: local
Jul-26 19:21:10.900 [main] DEBUG nextflow.executor.ExecutorFactory - >> processorType: 'local'
Jul-26 19:21:10.905 [main] DEBUG nextflow.executor.Executor - [warm up] executor > local
Jul-26 19:21:10.910 [main] DEBUG n.processor.LocalPollingMonitor - Creating local task monitor for executor 'local' > cpus=112; memory=1.5 TB; capacity=112; pollInterval=100ms; dumpInterval=5m
Jul-26 19:21:10.994 [main] DEBUG nextflow.executor.ExecutorFactory - << taskConfig executor: local
Jul-26 19:21:10.995 [main] DEBUG nextflow.executor.ExecutorFactory - >> processorType: 'local'
Jul-26 19:21:11.042 [main] DEBUG nextflow.executor.ExecutorFactory - << taskConfig executor: local
Jul-26 19:21:11.042 [main] DEBUG nextflow.executor.ExecutorFactory - >> processorType: 'local'
Jul-26 19:21:11.054 [main] DEBUG nextflow.executor.ExecutorFactory - << taskConfig executor: local
Jul-26 19:21:11.054 [main] DEBUG nextflow.executor.ExecutorFactory - >> processorType: 'local'
Jul-26 19:21:11.060 [main] DEBUG nextflow.executor.ExecutorFactory - << taskConfig executor: local
Jul-26 19:21:11.060 [main] DEBUG nextflow.executor.ExecutorFactory - >> processorType: 'local'
Jul-26 19:21:11.168 [main] INFO  io.seqera.tower.plugin.TowerClient - Monitor the execution with Nextflow Tower using this url http://nftower.czbiohub.org:8000/watch/5gt60eBPKgL4wa
Jul-26 19:21:11.172 [main] DEBUG nextflow.Session - Ignite dataflow network (9)
Jul-26 19:21:11.183 [main] DEBUG nextflow.processor.TaskProcessor - Starting process > treatment_mageck
Jul-26 19:21:11.183 [main] DEBUG nextflow.processor.TaskProcessor - Starting process > control_mageck
Jul-26 19:21:11.184 [main] DEBUG nextflow.processor.TaskProcessor - Starting process > join_counts
Jul-26 19:21:11.186 [main] DEBUG nextflow.processor.TaskProcessor - Starting process > mageck_test_ntc
Jul-26 19:21:11.187 [main] DEBUG nextflow.processor.TaskProcessor - Starting process > mageck_flute_rra
Jul-26 19:21:11.190 [main] DEBUG nextflow.script.ScriptRunner - > Await termination 
Jul-26 19:21:11.190 [main] DEBUG nextflow.Session - Session await
Jul-26 19:21:11.194 [PathVisitor-2] DEBUG nextflow.file.PathVisitor - files for syntax: glob; folder: /mnt/ibm_lg/jacklyn.luu/fastqs_combined/RV/; pattern: *control.fastq.gz; options: [:]
Jul-26 19:21:11.194 [PathVisitor-1] DEBUG nextflow.file.PathVisitor - files for syntax: glob; folder: /mnt/ibm_lg/jacklyn.luu/fastqs_combined/RV/; pattern: *treatment.fastq.gz; options: [:]
Jul-26 19:21:11.507 [Task submitter] DEBUG nextflow.executor.LocalTaskHandler - Launch cmd line: /bin/bash -ue .command.run
Jul-26 19:21:11.513 [Task submitter] INFO  nextflow.Session - [52/c6b309] Submitted process > control_mageck (1)
Jul-26 19:21:11.529 [Task submitter] DEBUG nextflow.executor.LocalTaskHandler - Launch cmd line: /bin/bash -ue .command.run
Jul-26 19:21:11.530 [Task submitter] INFO  nextflow.Session - [45/a30273] Submitted process > treatment_mageck (1)
Jul-26 19:21:55.722 [Task monitor] DEBUG n.processor.TaskPollingMonitor - Task completed > TaskHandler[id: 2; name: control_mageck (1); status: COMPLETED; exit: 0; error: -; workDir: /mnt/ibm_lg/jacklyn.luu/nexflow-work/52/c6b30979b463bf5d8ad673d83f8793]
Jul-26 19:21:55.751 [Task monitor] DEBUG n.util.BlockingThreadExecutorFactory - Thread pool name=FileTransfer; maxThreads=336; maxQueueSize=1008; keepAlive=1m
Jul-26 19:22:09.949 [Task monitor] DEBUG n.processor.TaskPollingMonitor - Task completed > TaskHandler[id: 1; name: treatment_mageck (1); status: COMPLETED; exit: 0; error: -; workDir: /mnt/ibm_lg/jacklyn.luu/nexflow-work/45/a30273e0f4ae5efe60753ef4e7ba61]
Jul-26 19:22:09.995 [Actor Thread 9] DEBUG nextflow.util.CacheHelper - Hash asset file sha-256: /home/jacklyn.luu/.nextflow/assets/olgabot/crispr-screen-nf/bin/join_counts.py
Jul-26 19:22:10.023 [Task submitter] DEBUG nextflow.executor.LocalTaskHandler - Launch cmd line: /bin/bash -ue .command.run
Jul-26 19:22:10.024 [Task submitter] INFO  nextflow.Session - [a6/0219c7] Submitted process > join_counts
Jul-26 19:22:13.916 [Task monitor] DEBUG n.processor.TaskPollingMonitor - Task completed > TaskHandler[id: 3; name: join_counts; status: COMPLETED; exit: 0; error: -; workDir: /mnt/ibm_lg/jacklyn.luu/nexflow-work/a6/0219c7243d12f5552c39e555711223]
Jul-26 19:22:13.954 [Task submitter] DEBUG nextflow.executor.LocalTaskHandler - Launch cmd line: /bin/bash -ue .command.run
Jul-26 19:22:13.955 [Task submitter] INFO  nextflow.Session - [82/1f7df8] Submitted process > mageck_test_ntc (1)
Jul-26 19:22:49.022 [Task monitor] DEBUG n.processor.TaskPollingMonitor - Task completed > TaskHandler[id: 4; name: mageck_test_ntc (1); status: COMPLETED; exit: 0; error: -; workDir: /mnt/ibm_lg/jacklyn.luu/nexflow-work/82/1f7df84e2ad68572de9736d5d089c4]
Jul-26 19:22:49.065 [Actor Thread 11] DEBUG nextflow.util.CacheHelper - Hash asset file sha-256: /home/jacklyn.luu/.nextflow/assets/olgabot/crispr-screen-nf/bin/mageck_flute_rra.R
Jul-26 19:22:49.098 [Task submitter] DEBUG nextflow.executor.LocalTaskHandler - Launch cmd line: /bin/bash -ue .command.run
Jul-26 19:22:49.098 [Task submitter] INFO  nextflow.Session - [96/54c666] Submitted process > mageck_flute_rra (1)
Jul-26 19:25:52.690 [Task monitor] DEBUG n.processor.TaskPollingMonitor - Task completed > TaskHandler[id: 5; name: mageck_flute_rra (1); status: COMPLETED; exit: 0; error: -; workDir: /mnt/ibm_lg/jacklyn.luu/nexflow-work/96/54c666a0ab562b0c88e0311d82e81b]
Jul-26 19:25:52.705 [main] DEBUG nextflow.Session - Session await > all process finished
Jul-26 19:25:52.708 [main] DEBUG nextflow.Session - Session await > all barriers passed
Jul-26 19:25:52.926 [main] DEBUG nextflow.trace.WorkflowStatsObserver - Workflow completed > WorkflowStats[succeededCount=5; failedCount=0; ignoredCount=0; cachedCount=0; pendingCount=0; submittedCount=0; runningCount=0; retriesCount=0; abortedCount=0; succeedDuration=5m 20s; failedDuration=0ms; cachedDuration=0ms;loadCpus=0; loadMemory=0; peakRunning=2; peakCpus=2; peakMemory=0; ]
Jul-26 19:25:53.162 [main] DEBUG nextflow.CacheDB - Closing CacheDB done
Jul-26 19:25:53.163 [main] INFO  org.pf4j.AbstractPluginManager - Stop plugin 'nf-tower@1.1.0'
Jul-26 19:25:53.163 [main] DEBUG nextflow.plugin.BasePlugin - Plugin stopped nf-tower
Jul-26 19:25:53.175 [main] DEBUG nextflow.script.ScriptRunner - > Execution complete -- Goodbye
